2019-04-11 16:00:34.274  INFO 2580 --- [main] com.liao.insurance.InsuranceApplication  : Starting InsuranceApplication on Rowenci-PC with PID 2580 (D:\insurance\target\classes started by rowenci in D:\insurance)
2019-04-11 16:00:34.284 DEBUG 2580 --- [main] com.liao.insurance.InsuranceApplication  : Running with Spring Boot v2.1.3.RELEASE, Spring v5.1.5.RELEASE
2019-04-11 16:00:34.285  INFO 2580 --- [main] com.liao.insurance.InsuranceApplication  : No active profile set, falling back to default profiles: default
2019-04-11 16:00:35.436  INFO 2580 --- [main] .s.d.r.c.RepositoryConfigurationDelegate : Multiple Spring Data modules found, entering strict repository configuration mode!
2019-04-11 16:00:35.441  INFO 2580 --- [main] .s.d.r.c.RepositoryConfigurationDelegate : Bootstrapping Spring Data repositories in DEFAULT mode.
2019-04-11 16:00:35.516  INFO 2580 --- [main] .s.d.r.c.RepositoryConfigurationDelegate : Finished Spring Data repository scanning in 49ms. Found 0 repository interfaces.
2019-04-11 16:00:35.993  INFO 2580 --- [main] trationDelegate$BeanPostProcessorChecker : Bean 'org.springframework.transaction.annotation.ProxyTransactionManagementConfiguration' of type [org.springframework.transaction.annotation.ProxyTransactionManagementConfiguration$$EnhancerBySpringCGLIB$$cd9f6485] is not eligible for getting processed by all BeanPostProcessors (for example: not eligible for auto-proxying)
2019-04-11 16:00:36.541  INFO 2580 --- [main] o.s.b.w.embedded.tomcat.TomcatWebServer  : Tomcat initialized with port(s): 8080 (http)
2019-04-11 16:00:36.576  INFO 2580 --- [main] o.apache.catalina.core.StandardService   : Starting service [Tomcat]
2019-04-11 16:00:36.576  INFO 2580 --- [main] org.apache.catalina.core.StandardEngine  : Starting Servlet engine: [Apache Tomcat/9.0.16]
2019-04-11 16:00:36.585  INFO 2580 --- [main] o.a.catalina.core.AprLifecycleListener   : The APR based Apache Tomcat Native library which allows optimal performance in production environments was not found on the java.library.path: [D:\jdk\bin;C:\windows\Sun\Java\bin;C:\windows\system32;C:\windows;C:\Program Files (x86)\Common Files\Oracle\Java\javapath;D:\python\Scripts\;D:\python\;C:\windows\system32;C:\windows;C:\windows\System32\Wbem;C:\windows\System32\WindowsPowerShell\v1.0\;C:\windows\System32\OpenSSH\;D:\jdk\bin\;D:\maven\apache-maven-3.6.0\bin;C:\Users\rowenci\AppData\Local\Microsoft\WindowsApps;D:\vscode\Microsoft VS Code\bin;D:\python\Scripts\;D:\python\;D:\jdk\bin\;;D:\idea\IntelliJ IDEA 2018.3.4\bin;;D:\pycharm\PyCharm 2018.3.4\bin;;.]
2019-04-11 16:00:36.779  INFO 2580 --- [main] o.a.c.c.C.[Tomcat].[localhost].[/]       : Initializing Spring embedded WebApplicationContext
2019-04-11 16:00:36.779  INFO 2580 --- [main] o.s.web.context.ContextLoader            : Root WebApplicationContext: initialization completed in 2412 ms
2019-04-11 16:00:37.059  INFO 2580 --- [main] com.zaxxer.hikari.HikariDataSource       : HikariPool-1 - Starting...
2019-04-11 16:00:37.799  INFO 2580 --- [main] com.zaxxer.hikari.HikariDataSource       : HikariPool-1 - Start completed.
2019-04-11 16:00:38.456  INFO 2580 --- [main] o.s.s.concurrent.ThreadPoolTaskExecutor  : Initializing ExecutorService 'applicationTaskExecutor'
2019-04-11 16:00:39.186  INFO 2580 --- [main] o.s.b.w.embedded.tomcat.TomcatWebServer  : Tomcat started on port(s): 8080 (http) with context path ''
2019-04-11 16:00:39.189  INFO 2580 --- [main] com.liao.insurance.InsuranceApplication  : Started InsuranceApplication in 5.915 seconds (JVM running for 8.262)
2019-04-11 16:18:09.107  INFO 11560 --- [main] c.l.insurance.InsuranceApplicationTests  : Starting InsuranceApplicationTests on Rowenci-PC with PID 11560 (started by rowenci in D:\insurance)
2019-04-11 16:18:09.109 DEBUG 11560 --- [main] c.l.insurance.InsuranceApplicationTests  : Running with Spring Boot v2.1.3.RELEASE, Spring v5.1.5.RELEASE
2019-04-11 16:18:09.110  INFO 11560 --- [main] c.l.insurance.InsuranceApplicationTests  : No active profile set, falling back to default profiles: default
2019-04-11 16:18:10.480  INFO 11560 --- [main] .s.d.r.c.RepositoryConfigurationDelegate : Multiple Spring Data modules found, entering strict repository configuration mode!
2019-04-11 16:18:10.486  INFO 11560 --- [main] .s.d.r.c.RepositoryConfigurationDelegate : Bootstrapping Spring Data repositories in DEFAULT mode.
2019-04-11 16:18:10.547  INFO 11560 --- [main] .s.d.r.c.RepositoryConfigurationDelegate : Finished Spring Data repository scanning in 32ms. Found 0 repository interfaces.
2019-04-11 16:18:11.135  INFO 11560 --- [main] trationDelegate$BeanPostProcessorChecker : Bean 'org.springframework.transaction.annotation.ProxyTransactionManagementConfiguration' of type [org.springframework.transaction.annotation.ProxyTransactionManagementConfiguration$$EnhancerBySpringCGLIB$$3c54a83e] is not eligible for getting processed by all BeanPostProcessors (for example: not eligible for auto-proxying)
2019-04-11 16:18:11.463  INFO 11560 --- [main] com.zaxxer.hikari.HikariDataSource       : HikariPool-1 - Starting...
2019-04-11 16:18:12.309  INFO 11560 --- [main] com.zaxxer.hikari.HikariDataSource       : HikariPool-1 - Start completed.
2019-04-11 16:18:14.061  INFO 11560 --- [main] o.s.s.concurrent.ThreadPoolTaskExecutor  : Initializing ExecutorService 'applicationTaskExecutor'
2019-04-11 16:18:15.807  INFO 11560 --- [main] c.l.insurance.InsuranceApplicationTests  : Started InsuranceApplicationTests in 7.39 seconds (JVM running for 8.767)
2019-04-11 16:18:16.452 DEBUG 11560 --- [main] c.l.i.mapper.OrdersMapper.selectList     : ==>  Preparing: SELECT id,insurance_number,company_id,insurance_id,user_id,status,residual FROM orders 
2019-04-11 16:18:16.487 DEBUG 11560 --- [main] c.l.i.mapper.OrdersMapper.selectList     : ==> Parameters: 
2019-04-11 16:18:16.579 DEBUG 11560 --- [main] c.l.i.mapper.OrdersMapper.selectList     : <==      Total: 3
2019-04-11 16:18:16.618  INFO 11560 --- [Thread-2] o.s.s.concurrent.ThreadPoolTaskExecutor  : Shutting down ExecutorService 'applicationTaskExecutor'
2019-04-11 16:18:16.619  INFO 11560 --- [Thread-2] com.zaxxer.hikari.HikariDataSource       : HikariPool-1 - Shutdown initiated...
2019-04-11 16:18:16.659  INFO 11560 --- [Thread-2] com.zaxxer.hikari.HikariDataSource       : HikariPool-1 - Shutdown completed.
2019-04-11 16:19:55.236  INFO 2480 --- [main] c.l.insurance.InsuranceApplicationTests  : Starting InsuranceApplicationTests on Rowenci-PC with PID 2480 (started by rowenci in D:\insurance)
2019-04-11 16:19:55.238 DEBUG 2480 --- [main] c.l.insurance.InsuranceApplicationTests  : Running with Spring Boot v2.1.3.RELEASE, Spring v5.1.5.RELEASE
2019-04-11 16:19:55.239  INFO 2480 --- [main] c.l.insurance.InsuranceApplicationTests  : No active profile set, falling back to default profiles: default
2019-04-11 16:19:56.705  INFO 2480 --- [main] .s.d.r.c.RepositoryConfigurationDelegate : Multiple Spring Data modules found, entering strict repository configuration mode!
2019-04-11 16:19:56.711  INFO 2480 --- [main] .s.d.r.c.RepositoryConfigurationDelegate : Bootstrapping Spring Data repositories in DEFAULT mode.
2019-04-11 16:19:56.763  INFO 2480 --- [main] .s.d.r.c.RepositoryConfigurationDelegate : Finished Spring Data repository scanning in 33ms. Found 0 repository interfaces.
2019-04-11 16:19:57.341  INFO 2480 --- [main] trationDelegate$BeanPostProcessorChecker : Bean 'org.springframework.transaction.annotation.ProxyTransactionManagementConfiguration' of type [org.springframework.transaction.annotation.ProxyTransactionManagementConfiguration$$EnhancerBySpringCGLIB$$3c54a83e] is not eligible for getting processed by all BeanPostProcessors (for example: not eligible for auto-proxying)
2019-04-11 16:19:57.693  INFO 2480 --- [main] com.zaxxer.hikari.HikariDataSource       : HikariPool-1 - Starting...
2019-04-11 16:19:58.525  INFO 2480 --- [main] com.zaxxer.hikari.HikariDataSource       : HikariPool-1 - Start completed.
2019-04-11 16:20:00.157  INFO 2480 --- [main] o.s.s.concurrent.ThreadPoolTaskExecutor  : Initializing ExecutorService 'applicationTaskExecutor'
2019-04-11 16:20:01.672  INFO 2480 --- [main] c.l.insurance.InsuranceApplicationTests  : Started InsuranceApplicationTests in 7.083 seconds (JVM running for 8.451)
2019-04-11 16:20:02.230 DEBUG 2480 --- [main] c.l.i.mapper.OrdersMapper.selectList     : ==>  Preparing: SELECT id,insurance_number,company_id,insurance_id,user_id,status,residual FROM orders WHERE user_id = ? AND status = ? 
2019-04-11 16:20:02.276 DEBUG 2480 --- [main] c.l.i.mapper.OrdersMapper.selectList     : ==> Parameters: 1(Integer), 1(Integer)
2019-04-11 16:20:02.360 DEBUG 2480 --- [main] c.l.i.mapper.OrdersMapper.selectList     : <==      Total: 2
2019-04-11 16:20:02.395  INFO 2480 --- [Thread-2] o.s.s.concurrent.ThreadPoolTaskExecutor  : Shutting down ExecutorService 'applicationTaskExecutor'
2019-04-11 16:20:02.396  INFO 2480 --- [Thread-2] com.zaxxer.hikari.HikariDataSource       : HikariPool-1 - Shutdown initiated...
2019-04-11 16:20:02.450  INFO 2480 --- [Thread-2] com.zaxxer.hikari.HikariDataSource       : HikariPool-1 - Shutdown completed.
